[AJartivo Backend] {
  message: 'Invalid or expired Supabase token.',
  status: 401,
  code: '',
  details: null,
  meta: null,
  razorpayKeyId: 'rzp_te...SXz8',
  supabaseUrl: 'https://hlmyjnslyijgdrfuktun.supabase.co',
  stack: 'Error: Invalid or expired Supabase token.\n' +
    '    at createHttpError (C:\\Users\\Admin\\Music\\Aj Artivo\\My Dream Website\\My Dream Website\\backend\\utils\\http.js:4:19)\n' +
    '    at requireAuthenticatedUser (C:\\Users\\Admin\\Music\\Aj Artivo\\My Dream Website\\My Dream Website\\backend\\middleware\\requireAuth.js:16:25)\n' +
    '    at process.processTicksAndRejections (node:internal/process/task_queues:104:5)'
}
[AJartivo Backend] {
  message: 'Invalid or expired Supabase token.',
  status: 401,
  code: '',
  details: null,
  meta: null,
  razorpayKeyId: 'rzp_te...SXz8',
  supabaseUrl: 'https://hlmyjnslyijgdrfuktun.supabase.co',
  stack: 'Error: Invalid or expired Supabase token.\n' +
    '    at createHttpError (C:\\Users\\Admin\\Music\\Aj Artivo\\My Dream Website\\My Dream Website\\backend\\utils\\http.js:4:19)\n' +
    '    at requireAuthenticatedUser (C:\\Users\\Admin\\Music\\Aj Artivo\\My Dream Website\\My Dream Website\\backend\\middleware\\requireAuth.js:16:25)\n' +
    '    at process.processTicksAndRejections (node:internal/process/task_queues:104:5)'
}
[AJartivo Backend] {
  message: 'Invalid or expired Supabase token.',
  status: 401,
  code: '',
  details: null,
  meta: null,
  razorpayKeyId: 'rzp_te...SXz8',
  supabaseUrl: 'https://hlmyjnslyijgdrfuktun.supabase.co',
  stack: 'Error: Invalid or expired Supabase token.\n' +
    '    at createHttpError (C:\\Users\\Admin\\Music\\Aj Artivo\\My Dream Website\\My Dream Website\\backend\\utils\\http.js:4:19)\n' +
    '    at requireAuthenticatedUser (C:\\Users\\Admin\\Music\\Aj Artivo\\My Dream Website\\My Dream Website\\backend\\middleware\\requireAuth.js:16:25)\n' +
    '    at process.processTicksAndRejections (node:internal/process/task_queues:104:5)'
}
[AJartivo Backend] {
  message: 'Invalid or expired Supabase token.',
  status: 401,
  code: '',
  details: null,
  meta: null,
  razorpayKeyId: 'rzp_te...SXz8',
  supabaseUrl: 'https://hlmyjnslyijgdrfuktun.supabase.co',
  stack: 'Error: Invalid or expired Supabase token.\n' +
    '    at createHttpError (C:\\Users\\Admin\\Music\\Aj Artivo\\My Dream Website\\My Dream Website\\backend\\utils\\http.js:4:19)\n' +
    '    at requireAuthenticatedUser (C:\\Users\\Admin\\Music\\Aj Artivo\\My Dream Website\\My Dream Website\\backend\\middleware\\requireAuth.js:16:25)\n' +
    '    at process.processTicksAndRejections (node:internal/process/task_queues:104:5)'
}
[AJartivo Backend] {
  message: 'Invalid or expired Supabase token.',
  status: 401,
  code: '',
  details: null,
  meta: null,
  razorpayKeyId: 'rzp_te...SXz8',
  supabaseUrl: 'https://hlmyjnslyijgdrfuktun.supabase.co',
  stack: 'Error: Invalid or expired Supabase token.\n' +
    '    at createHttpError (C:\\Users\\Admin\\Music\\Aj Artivo\\My Dream Website\\My Dream Website\\backend\\utils\\http.js:4:19)\n' +
    '    at requireAuthenticatedUser (C:\\Users\\Admin\\Music\\Aj Artivo\\My Dream Website\\My Dream Website\\backend\\middleware\\requireAuth.js:16:25)\n' +
    '    at process.processTicksAndRejections (node:internal/process/task_queues:104:5)'
}
[AJartivo Backend] {
  message: 'Invalid or expired Supabase token.',
  status: 401,
  code: '',
  details: null,
  meta: null,
  razorpayKeyId: 'rzp_te...SXz8',
  supabaseUrl: 'https://hlmyjnslyijgdrfuktun.supabase.co',
  stack: 'Error: Invalid or expired Supabase token.\n' +
    '    at createHttpError (C:\\Users\\Admin\\Music\\Aj Artivo\\My Dream Website\\My Dream Website\\backend\\utils\\http.js:4:19)\n' +
    '    at requireAuthenticatedUser (C:\\Users\\Admin\\Music\\Aj Artivo\\My Dream Website\\My Dream Website\\backend\\middleware\\requireAuth.js:16:25)\n' +
    '    at process.processTicksAndRejections (node:internal/process/task_queues:104:5)'
}
[AJartivo Backend] {
  message: 'Invalid or expired Supabase token.',
  status: 401,
  code: '',
  details: null,
  meta: null,
  razorpayKeyId: 'rzp_te...SXz8',
  supabaseUrl: 'https://hlmyjnslyijgdrfuktun.supabase.co',
  stack: 'Error: Invalid or expired Supabase token.\n' +
    '    at createHttpError (C:\\Users\\Admin\\Music\\Aj Artivo\\My Dream Website\\My Dream Website\\backend\\utils\\http.js:4:19)\n' +
    '    at requireAuthenticatedUser (C:\\Users\\Admin\\Music\\Aj Artivo\\My Dream Website\\My Dream Website\\backend\\middleware\\requireAuth.js:16:25)\n' +
    '    at process.processTicksAndRejections (node:internal/process/task_queues:104:5)'
}
[AJartivo Backend] {
  message: 'Invalid or expired Supabase token.',
  status: 401,
  code: '',
  details: null,
  meta: null,
  razorpayKeyId: 'rzp_te...SXz8',
  supabaseUrl: 'https://hlmyjnslyijgdrfuktun.supabase.co',
  stack: 'Error: Invalid or expired Supabase token.\n' +
    '    at createHttpError (C:\\Users\\Admin\\Music\\Aj Artivo\\My Dream Website\\My Dream Website\\backend\\utils\\http.js:4:19)\n' +
    '    at requireAuthenticatedUser (C:\\Users\\Admin\\Music\\Aj Artivo\\My Dream Website\\My Dream Website\\backend\\middleware\\requireAuth.js:16:25)\n' +
    '    at process.processTicksAndRejections (node:internal/process/task_queues:104:5)'
}
[AJartivo Backend] {
  message: 'Invalid or expired Supabase token.',
  status: 401,
  code: '',
  details: null,
  meta: null,
  razorpayKeyId: 'rzp_te...SXz8',
  supabaseUrl: 'https://hlmyjnslyijgdrfuktun.supabase.co',
  stack: 'Error: Invalid or expired Supabase token.\n' +
    '    at createHttpError (C:\\Users\\Admin\\Music\\Aj Artivo\\My Dream Website\\My Dream Website\\backend\\utils\\http.js:4:19)\n' +
    '    at requireAuthenticatedUser (C:\\Users\\Admin\\Music\\Aj Artivo\\My Dream Website\\My Dream Website\\backend\\middleware\\requireAuth.js:16:25)\n' +
    '    at process.processTicksAndRejections (node:internal/process/task_queues:104:5)'
}
[AJartivo Backend] {
  message: 'Invalid or expired Supabase token.',
  status: 401,
  code: '',
  details: null,
  meta: null,
  razorpayKeyId: 'rzp_te...SXz8',
  supabaseUrl: 'https://hlmyjnslyijgdrfuktun.supabase.co',
  stack: 'Error: Invalid or expired Supabase token.\n' +
    '    at createHttpError (C:\\Users\\Admin\\Music\\Aj Artivo\\My Dream Website\\My Dream Website\\backend\\utils\\http.js:4:19)\n' +
    '    at requireAuthenticatedUser (C:\\Users\\Admin\\Music\\Aj Artivo\\My Dream Website\\My Dream Website\\backend\\middleware\\requireAuth.js:16:25)\n' +
    '    at process.processTicksAndRejections (node:internal/process/task_queues:104:5)'
}
[AJartivo Backend] {
  message: "Could not find the 'first_name' column of 'profiles' in the schema cache",
  status: 500,
  code: 'PGRST204',
  details: null,
  meta: null,
  razorpayKeyId: 'rzp_te...SXz8',
  supabaseUrl: 'https://hlmyjnslyijgdrfuktun.supabase.co',
  stack: ''
}
[AJartivo Backend] {
  message: "Could not find the 'first_name' column of 'profiles' in the schema cache",
  status: 500,
  code: 'PGRST204',
  details: null,
  meta: null,
  razorpayKeyId: 'rzp_te...SXz8',
  supabaseUrl: 'https://hlmyjnslyijgdrfuktun.supabase.co',
  stack: ''
}
[AJartivo Backend] {
  message: "Could not find the 'first_name' column of 'profiles' in the schema cache",
  status: 500,
  code: 'PGRST204',
  details: null,
  meta: null,
  razorpayKeyId: 'rzp_te...SXz8',
  supabaseUrl: 'https://hlmyjnslyijgdrfuktun.supabase.co',
  stack: ''
}
[AJartivo Backend] {
  message: "Could not find the 'first_name' column of 'profiles' in the schema cache",
  status: 500,
  code: 'PGRST204',
  details: null,
  meta: null,
  razorpayKeyId: 'rzp_te...SXz8',
  supabaseUrl: 'https://hlmyjnslyijgdrfuktun.supabase.co',
  stack: ''
}
[AJartivo Backend] {
  message: "Could not find the 'first_name' column of 'profiles' in the schema cache",
  status: 500,
  code: 'PGRST204',
  details: null,
  meta: null,
  razorpayKeyId: 'rzp_te...SXz8',
  supabaseUrl: 'https://hlmyjnslyijgdrfuktun.supabase.co',
  stack: ''
}
[AJartivo Backend] {
  message: "Could not find the 'first_name' column of 'profiles' in the schema cache",
  status: 500,
  code: 'PGRST204',
  details: null,
  meta: null,
  razorpayKeyId: 'rzp_te...SXz8',
  supabaseUrl: 'https://hlmyjnslyijgdrfuktun.supabase.co',
  stack: ''
}
[AJartivo Backend] {
  message: "Could not find the 'first_name' column of 'profiles' in the schema cache",
  status: 500,
  code: 'PGRST204',
  details: null,
  meta: null,
  razorpayKeyId: 'rzp_te...SXz8',
  supabaseUrl: 'https://hlmyjnslyijgdrfuktun.supabase.co',
  stack: ''
}
[AJartivo Backend] {
  message: "Could not find the 'first_name' column of 'profiles' in the schema cache",
  status: 500,
  code: 'PGRST204',
  details: null,
  meta: null,
  razorpayKeyId: 'rzp_te...SXz8',
  supabaseUrl: 'https://hlmyjnslyijgdrfuktun.supabase.co',
  stack: ''
}
[AJartivo Backend] {
  message: "Could not find the 'first_name' column of 'profiles' in the schema cache",
  status: 500,
  code: 'PGRST204',
  details: null,
  meta: null,
  razorpayKeyId: 'rzp_te...SXz8',
  supabaseUrl: 'https://hlmyjnslyijgdrfuktun.supabase.co',
  stack: ''
}
[AJartivo Backend] {
  message: "Could not find the 'first_name' column of 'profiles' in the schema cache",
  status: 500,
  code: 'PGRST204',
  details: null,
  meta: null,
  razorpayKeyId: 'rzp_te...SXz8',
  supabaseUrl: 'https://hlmyjnslyijgdrfuktun.supabase.co',
  stack: ''
}
[AJartivo Backend] {
  message: "Could not find the 'first_name' column of 'profiles' in the schema cache",
  status: 500,
  code: 'PGRST204',
  details: null,
  meta: null,
  razorpayKeyId: 'rzp_te...SXz8',
  supabaseUrl: 'https://hlmyjnslyijgdrfuktun.supabase.co',
  stack: ''
}
[AJartivo Backend] {
  message: "Could not find the 'first_name' column of 'profiles' in the schema cache",
  status: 500,
  code: 'PGRST204',
  details: null,
  meta: null,
  razorpayKeyId: 'rzp_te...SXz8',
  supabaseUrl: 'https://hlmyjnslyijgdrfuktun.supabase.co',
  stack: ''
}
[AJartivo Backend] {
  message: "Could not find the 'first_name' column of 'profiles' in the schema cache",
  status: 500,
  code: 'PGRST204',
  details: null,
  meta: null,
  razorpayKeyId: 'rzp_te...SXz8',
  supabaseUrl: 'https://hlmyjnslyijgdrfuktun.supabase.co',
  stack: ''
}
[AJartivo Backend] {
  message: "Could not find the 'first_name' column of 'profiles' in the schema cache",
  status: 500,
  code: 'PGRST204',
  details: null,
  meta: null,
  razorpayKeyId: 'rzp_te...SXz8',
  supabaseUrl: 'https://hlmyjnslyijgdrfuktun.supabase.co',
  stack: ''
}
^C